# TLS secrets log file, generated by OpenSSL / Python
# TLS secrets log file, generated by OpenSSL / Python
# SSL/TLS secrets log file, generated by NSS
CLIENT_RANDOM 7c241ab9f2ac73696b8049d24fdd09f04380d89a8b113462baa9f73e17e029c7 d77ef1cc0b6adbcd9d91c08aad5f090b68bd0dde1c15a453e9f2d733a30508c7b402c37b20363bb73317ca2e55a9578e
CLIENT_HANDSHAKE_TRAFFIC_SECRET 356bce66eeecc4a8559cd461e2108f23e284e0cdb9bbb00d3d58c8aa5af2c1a9 1480542bcba73e069570cea2da873391eead15b292498e8004762fc8962dd748
SERVER_HANDSHAKE_TRAFFIC_SECRET 356bce66eeecc4a8559cd461e2108f23e284e0cdb9bbb00d3d58c8aa5af2c1a9 c2bc0defabf96646228607b99496e7f92cb6317102519ac3fa8e9637d747564c
CLIENT_HANDSHAKE_TRAFFIC_SECRET 366a5643aa43d9a18b560af58f9b5923e94db7ee8a26bbdfa2f87307835d1679 540f37cad7d46f5eff0ccc7c293e3ea3993b1cc31e3a83b58593ff019bcecb9e
SERVER_HANDSHAKE_TRAFFIC_SECRET 366a5643aa43d9a18b560af58f9b5923e94db7ee8a26bbdfa2f87307835d1679 db467ce9e1f1529972c79a423385d6239611026ec3e2e3df38447a27e38f584a
CLIENT_TRAFFIC_SECRET_0 356bce66eeecc4a8559cd461e2108f23e284e0cdb9bbb00d3d58c8aa5af2c1a9 2f9b43d79d7c8f9fe8b5978062825bbf004cdbf295336df23ccbad940f9e65fc
SERVER_TRAFFIC_SECRET_0 356bce66eeecc4a8559cd461e2108f23e284e0cdb9bbb00d3d58c8aa5af2c1a9 a6817ae42bfa8dd56c99f8ef4f79c2ab2013a0c9cf48070dac4062e5dbf681d4
EXPORTER_SECRET 356bce66eeecc4a8559cd461e2108f23e284e0cdb9bbb00d3d58c8aa5af2c1a9 46091212044d212f6f13734fed8da254d0b9e49c1f6ee9f6f85f37464aa71fbd
CLIENT_HANDSHAKE_TRAFFIC_SECRET 0acad1374872b30075969f3fdfd304723bfa45119aec6b207030f9c93a0ae545 93e6dad02228f7016434a88725c7ac15b57e947bd51783b57797a677404fe195
SERVER_HANDSHAKE_TRAFFIC_SECRET 0acad1374872b30075969f3fdfd304723bfa45119aec6b207030f9c93a0ae545 56de79ff6386cdb3a0efdb7e93cbc6584a08b376488556c8deb8115d0beacdad
CLIENT_HANDSHAKE_TRAFFIC_SECRET b24ac214b1f2b8d7b43b814225f4c91c65e618b0fd5feb09d35cedaeb24ecacd 92051979fac1bfba7db5739cc6b7bdf230dd51c1384fe76bb5ecebd501d93276
SERVER_HANDSHAKE_TRAFFIC_SECRET b24ac214b1f2b8d7b43b814225f4c91c65e618b0fd5feb09d35cedaeb24ecacd 7da058ff786955d616c18554d10464d37f6598da5481bb2b10805ddd07ac62a2
CLIENT_TRAFFIC_SECRET_0 0acad1374872b30075969f3fdfd304723bfa45119aec6b207030f9c93a0ae545 73b934d2ce34a56879820922ce13ede64abd8c6bd1b365d945025d21ba87bae3
SERVER_TRAFFIC_SECRET_0 0acad1374872b30075969f3fdfd304723bfa45119aec6b207030f9c93a0ae545 835f2e2f1f11a0aa5dde69201b516d519bf0db3ab9e4d114a185e038f5c6e3a2
EXPORTER_SECRET 0acad1374872b30075969f3fdfd304723bfa45119aec6b207030f9c93a0ae545 310f7f36029b0fef97315a3a0e66a603e4932bc270502b364413e419d44afa8c
CLIENT_HANDSHAKE_TRAFFIC_SECRET 561c538d7cff342dbea26fd817a135bb6e1bec8a92e27f2fea1df4adc86e454c b0728fb17e370f0a95ce8fe86942e01ab80a524b5e61430935578f2205fe399c
SERVER_HANDSHAKE_TRAFFIC_SECRET 561c538d7cff342dbea26fd817a135bb6e1bec8a92e27f2fea1df4adc86e454c f743978ee2a1edb5466652f84daf1fe40f43be5ee2317f6c7085558ce244a31d
CLIENT_HANDSHAKE_TRAFFIC_SECRET 76ec60ee1ba3e1e74d5788493de5e4a5deabb520eb8314b201a2d08c2ee1961a bd09e18673ee6ad828bc1f40f44fafbef4805bc294d11acdf205538e12be6d57
SERVER_HANDSHAKE_TRAFFIC_SECRET 76ec60ee1ba3e1e74d5788493de5e4a5deabb520eb8314b201a2d08c2ee1961a 63359c80e336a6e08dc4236f4d6be07ad90062c1916186776f8a42e36699d86f
CLIENT_TRAFFIC_SECRET_0 b24ac214b1f2b8d7b43b814225f4c91c65e618b0fd5feb09d35cedaeb24ecacd 4346522be819a54f1b8c5911ca514143ee25341116af1342deff20ebf48ff373
SERVER_TRAFFIC_SECRET_0 b24ac214b1f2b8d7b43b814225f4c91c65e618b0fd5feb09d35cedaeb24ecacd bd8e53bba75f93c22ca830b35f832a1a1c173daba7f75bbdd0b20ea62e169266
EXPORTER_SECRET b24ac214b1f2b8d7b43b814225f4c91c65e618b0fd5feb09d35cedaeb24ecacd a17db4b24a06f24b3aacd4068186144b9f13b6127093cadd9502213da0b03154
CLIENT_TRAFFIC_SECRET_0 366a5643aa43d9a18b560af58f9b5923e94db7ee8a26bbdfa2f87307835d1679 4d9336463ee9d709ff42d4d0c7de4835ed0125610a9bae9403d20ce299e4edbe
SERVER_TRAFFIC_SECRET_0 366a5643aa43d9a18b560af58f9b5923e94db7ee8a26bbdfa2f87307835d1679 9ba2a1a32db86d5a5cedeaa906c1299da5b5c011ef7a3802f1064a85af6959e5
EXPORTER_SECRET 366a5643aa43d9a18b560af58f9b5923e94db7ee8a26bbdfa2f87307835d1679 596afc92d40862fdf174932f38f736de3e6c5df004175821ffdfef508c18954c
CLIENT_TRAFFIC_SECRET_0 76ec60ee1ba3e1e74d5788493de5e4a5deabb520eb8314b201a2d08c2ee1961a 229c43294d80240ab4ba1dd988e4667eb104a056098722228c404c191161b4fc
SERVER_TRAFFIC_SECRET_0 76ec60ee1ba3e1e74d5788493de5e4a5deabb520eb8314b201a2d08c2ee1961a 29646b965b7a086c326ef5ae48156390c1e9be7e3dffabbc127650979c26746e
EXPORTER_SECRET 76ec60ee1ba3e1e74d5788493de5e4a5deabb520eb8314b201a2d08c2ee1961a d8432de54d5847286f61039d839f836b3d410359c35c61abf8e30a42585dadcd
CLIENT_TRAFFIC_SECRET_0 561c538d7cff342dbea26fd817a135bb6e1bec8a92e27f2fea1df4adc86e454c 60c784d96627a5ad9269c2f688a36c0c4af11a4eff78f0f311cf91e83c5130c4
SERVER_TRAFFIC_SECRET_0 561c538d7cff342dbea26fd817a135bb6e1bec8a92e27f2fea1df4adc86e454c a8cbd6aa0a2a4355602586c68095402dad322c794ee723e0a56cf36c98e0a931
EXPORTER_SECRET 561c538d7cff342dbea26fd817a135bb6e1bec8a92e27f2fea1df4adc86e454c c69eb4ff9caa0ed50f9016ec1cdf8cba115b9b31edfa14ffbd33ade5bf927879
CLIENT_HANDSHAKE_TRAFFIC_SECRET 19b35acdc2fa4cf9ed3f86e961c331e31e008a1bc1e08e08fc3f5c52e82acae2 7b70b4f5fb98ca86d1c564027a9fff0e5b5297417133dee80ea2bf73c2fc430f
SERVER_HANDSHAKE_TRAFFIC_SECRET 19b35acdc2fa4cf9ed3f86e961c331e31e008a1bc1e08e08fc3f5c52e82acae2 83c1cd93f51f7d7ae866b64d7742cfae7b2cea7c2aaf6f59f710d58a66ea4b40
CLIENT_HANDSHAKE_TRAFFIC_SECRET 4c9546977656d800bbd10740265a16c88076b9755d8ac9976bd16ec8344f63af 7e703a9615db8b633fdef9e0150f1a52784c2a5977ae742041e99058d1ee0b22
SERVER_HANDSHAKE_TRAFFIC_SECRET 4c9546977656d800bbd10740265a16c88076b9755d8ac9976bd16ec8344f63af 0583a7c3237a1c7188a310de60c8c95f170b3c22479e0fc64e5897652233c6ef
CLIENT_HANDSHAKE_TRAFFIC_SECRET 6b6f4b617db16c8c27d3b5c1d86e52b4184b27859150cc4d7121ececac8b9204 2da94d408fa73ffc67d2dbc216461e8d076071f16e161a0eeb083f304129ee91
SERVER_HANDSHAKE_TRAFFIC_SECRET 6b6f4b617db16c8c27d3b5c1d86e52b4184b27859150cc4d7121ececac8b9204 82b9b785ccd6231ae1a4307d01b46eb530f4e34c1745b862450cb8a221d55d4b
CLIENT_HANDSHAKE_TRAFFIC_SECRET dc0769769248d40d8d424ded08eed0f6547672d20f09d5fa2cb0fa1ebec79380 73bb2cdf751c2a769d477ae1f44b40c81686bce69274299280ae8d0725fc9a9b
SERVER_HANDSHAKE_TRAFFIC_SECRET dc0769769248d40d8d424ded08eed0f6547672d20f09d5fa2cb0fa1ebec79380 56da13822d357695ea0784c9145f00fad5825e57ae30493ed46c5a48bf7166bd
CLIENT_HANDSHAKE_TRAFFIC_SECRET cfc1801f8664e96220550fc7371da5e3f16a2344eb21b8aa87faddcfb6f0de14 c877d7ef84c9c7acf8c4f916a808293a16ee4ca98067d5a216c9133a7fd01aeb
SERVER_HANDSHAKE_TRAFFIC_SECRET cfc1801f8664e96220550fc7371da5e3f16a2344eb21b8aa87faddcfb6f0de14 3f9722da417904ec6811e6409384a950d014a0c2ae586bb7b5c2189250e82c30
CLIENT_HANDSHAKE_TRAFFIC_SECRET f08e8eca3acbb31f671c8c2019258bad868cfa863f051281a237efb0325a2fc0 c10c4be17e809f20c3ddb343dbdb7ed0cc2ccc04b9b4cfe9c5cf3de59b1e49b8
SERVER_HANDSHAKE_TRAFFIC_SECRET f08e8eca3acbb31f671c8c2019258bad868cfa863f051281a237efb0325a2fc0 b92062768b8af95da69fad0d3d87f35776d3ae9ada0d71b5c2b64ac027b4ff74
CLIENT_TRAFFIC_SECRET_0 19b35acdc2fa4cf9ed3f86e961c331e31e008a1bc1e08e08fc3f5c52e82acae2 cdfee4b7889738af72661ac4e07736b1a93761afbb3d73c6138892874ff3d633
SERVER_TRAFFIC_SECRET_0 19b35acdc2fa4cf9ed3f86e961c331e31e008a1bc1e08e08fc3f5c52e82acae2 a5b9f96e5c6cc9e645cb6e4ea21edfcb66ad00791d230138de53f8eb0f782bdb
EXPORTER_SECRET 19b35acdc2fa4cf9ed3f86e961c331e31e008a1bc1e08e08fc3f5c52e82acae2 5beb31654ad33e9138202b3e907e6b7c3b09e76b0699c50a61cb32d92fcb0feb
CLIENT_TRAFFIC_SECRET_0 f08e8eca3acbb31f671c8c2019258bad868cfa863f051281a237efb0325a2fc0 7e9b2730eae796c7d4ba6fb952eb737bf16129318005b0fefac8517f601ad19d
SERVER_TRAFFIC_SECRET_0 f08e8eca3acbb31f671c8c2019258bad868cfa863f051281a237efb0325a2fc0 5aa661bda3756f6cf6a833b65b4d366b99cf874b3ae87af124f2cb1a281e6ef0
EXPORTER_SECRET f08e8eca3acbb31f671c8c2019258bad868cfa863f051281a237efb0325a2fc0 4464a5b9f2687aa03ef33ef2b862b861034c4d59623c31bb40b759b52f328684
CLIENT_TRAFFIC_SECRET_0 4c9546977656d800bbd10740265a16c88076b9755d8ac9976bd16ec8344f63af bd71f29552a355956dbd74fb4fdf92c22b8dcfc294f8032095c4fec5780b7e65
SERVER_TRAFFIC_SECRET_0 4c9546977656d800bbd10740265a16c88076b9755d8ac9976bd16ec8344f63af 5839956909597fed1dc5d958ca8b13c4fc04b6e22c9f3f2d2044869f41b62bc2
EXPORTER_SECRET 4c9546977656d800bbd10740265a16c88076b9755d8ac9976bd16ec8344f63af 994d8917ac2e5436057fd889d888c96d64daec495dafc38bacfbc16895ad8f0a
CLIENT_TRAFFIC_SECRET_0 6b6f4b617db16c8c27d3b5c1d86e52b4184b27859150cc4d7121ececac8b9204 e2c4a5dd996f294f014d76cc71f7cc7cc8d60a9ec4f771699113892d665411f5
SERVER_TRAFFIC_SECRET_0 6b6f4b617db16c8c27d3b5c1d86e52b4184b27859150cc4d7121ececac8b9204 b34b796155ecea5a47da7b29b781c9e9b26c1d3a19d56a9fb977a2f096c6047f
EXPORTER_SECRET 6b6f4b617db16c8c27d3b5c1d86e52b4184b27859150cc4d7121ececac8b9204 dd8416963eba05f32d643165773c10d34ba94a0d42e5c31aff60d549497f71c5
CLIENT_TRAFFIC_SECRET_0 cfc1801f8664e96220550fc7371da5e3f16a2344eb21b8aa87faddcfb6f0de14 84ed238a501f19d09dbe16cdc01be205bef54b511a8dc523d94e41147c157e3e
SERVER_TRAFFIC_SECRET_0 cfc1801f8664e96220550fc7371da5e3f16a2344eb21b8aa87faddcfb6f0de14 b2e297bcf34365c80fea122b268a5a50971533a93a31df05b439dd6dfef4a26f
EXPORTER_SECRET cfc1801f8664e96220550fc7371da5e3f16a2344eb21b8aa87faddcfb6f0de14 1f9975d1929069374a3b396503f4ddbea30803dc9656ca9770b4d2d3b95d4b48
CLIENT_TRAFFIC_SECRET_0 dc0769769248d40d8d424ded08eed0f6547672d20f09d5fa2cb0fa1ebec79380 91dcc146bbfba197756eee62204cfb8805dcb3ea3baf06589c98a2ef2a57a448
SERVER_TRAFFIC_SECRET_0 dc0769769248d40d8d424ded08eed0f6547672d20f09d5fa2cb0fa1ebec79380 63a7e2b8c0f903bee5b4fe4b19510749e7e5f0a36c6f86884dee732c5482df71
EXPORTER_SECRET dc0769769248d40d8d424ded08eed0f6547672d20f09d5fa2cb0fa1ebec79380 36081b78dea1400d8a998c9eb476897181723ceec289168bedc2e675e095a2e5
CLIENT_RANDOM ead1188904371994cb894fb8d5e7d4b1a2da86f1f62b07f264dbb80e8d1029d9 8bb1d45bf596cc0942e6c23d09db43c7cff810bda56e70b57ff450517f6f632502860b5fb2a95ecb69fde2ec18ef7d66
# TLS secrets log file, generated by OpenSSL / Python
CLIENT_RANDOM aca458dfefede60e9f23ca8b64d23fbffd8f7431f9521aa1cdfaa29b87c22838 c42e674d3a3dd63342b5454e405691873508167b4076a725fbcadab895abd52aecbb52bc76f6c015f77c876f5a8ba3cf
# SSL/TLS secrets log file, generated by NSS
CLIENT_RANDOM 703dee2a7f604ba87f01a22ab0e1648850d1f4f338e22f49e5e15bbae83f1e48 fd126f7f389ac56c74def8e0d3face198a7b5a6b9ed781c13bb3bc319369c781cceb3a2fc30b3fbe17f007256cc27a90
CLIENT_HANDSHAKE_TRAFFIC_SECRET 5cda6c30b45bf13b929f3b11d1b88195feb01a0137a8719afc504943f6d626ac e2658fcc20f951daf0bab087cdb53163de9aa7b9b21d87575af97fef79c4ef5d
SERVER_HANDSHAKE_TRAFFIC_SECRET 5cda6c30b45bf13b929f3b11d1b88195feb01a0137a8719afc504943f6d626ac 1723804f2398a51292bd8edcfde0c9f276e27efef0650e6472f9867f1e16c458
CLIENT_TRAFFIC_SECRET_0 5cda6c30b45bf13b929f3b11d1b88195feb01a0137a8719afc504943f6d626ac 9208263de692e23a1c891b60d31023ba18576c75335ffc55d6a94d04ca629f80
SERVER_TRAFFIC_SECRET_0 5cda6c30b45bf13b929f3b11d1b88195feb01a0137a8719afc504943f6d626ac 11f7791e7541b0387b8db95c5a18ec486c36ea1d913d6131e625ff5e2d0810b0
EXPORTER_SECRET 5cda6c30b45bf13b929f3b11d1b88195feb01a0137a8719afc504943f6d626ac 74a597f37636162ccb9ff20d29a71097cbd713f83ab6d27a1dd36a7bfb2665dd
# TLS secrets log file, generated by OpenSSL / Python
# SSL/TLS secrets log file, generated by NSS
CLIENT_RANDOM 1ba7413a48b588c4d13af4b9bcb5c7184731278d5746edf463662a7fee6f8d3c 6cf0b83a01c0e5865c07fba47717e749554cb807a316f90e8c87bb1b462a9b425b96402aac216560a59dfd653dd2978f
CLIENT_HANDSHAKE_TRAFFIC_SECRET e54ff077d920bc159d5b16a1c2d5bdef2d02bb3d0a2a25ca93638113dfd57647 6bc850fe2f731af652195143df38675f6a0c2de97075667283a354b26c1b9358
SERVER_HANDSHAKE_TRAFFIC_SECRET e54ff077d920bc159d5b16a1c2d5bdef2d02bb3d0a2a25ca93638113dfd57647 7da1465af1d997aa9e1de0cf6844db614f752b7ca8f188446f7f279176530caa
CLIENT_HANDSHAKE_TRAFFIC_SECRET 6c1e0835e3d2083d6c48d180b15ed0235e30b05edec54de0dcadfe42f576305f d0183d412bb9ce0d2e3b791e6b801ff733036bcbe6ed7a2f7da7359403e2edf4
SERVER_HANDSHAKE_TRAFFIC_SECRET 6c1e0835e3d2083d6c48d180b15ed0235e30b05edec54de0dcadfe42f576305f 73529a0ed74b1f9ff60aa4a01f20dc7c0a623620fd5fc797f487f6a24c606d1a
CLIENT_HANDSHAKE_TRAFFIC_SECRET 9e8a7f1eaa699b1d7d2838e7040e622a9c7da047943174fe1041616bda90521a 20654b5b1e6626a13e91dafb00e84fefde9eb4a500039b7e9284222461ef7ab5
SERVER_HANDSHAKE_TRAFFIC_SECRET 9e8a7f1eaa699b1d7d2838e7040e622a9c7da047943174fe1041616bda90521a b207c6a1d2ba6362377912fb75b13f259159c094158123e7eed592c0757a1378
CLIENT_TRAFFIC_SECRET_0 e54ff077d920bc159d5b16a1c2d5bdef2d02bb3d0a2a25ca93638113dfd57647 5c6d334f7b0645d629738a95d0dc395ec8ae2969cfaa08acb7936ad02c067cd7
SERVER_TRAFFIC_SECRET_0 e54ff077d920bc159d5b16a1c2d5bdef2d02bb3d0a2a25ca93638113dfd57647 29485f77be6671a73c5c9fc731ace5e1399f0cb5ec50ca7fa5ea940f838ef40c
EXPORTER_SECRET e54ff077d920bc159d5b16a1c2d5bdef2d02bb3d0a2a25ca93638113dfd57647 2e7774ed5dbe7d5259ed21c990d55800b62d977630eddb3f2ae49bb88e876105
CLIENT_TRAFFIC_SECRET_0 9e8a7f1eaa699b1d7d2838e7040e622a9c7da047943174fe1041616bda90521a b7e5e70e90f6371bb23b89924e7b1c97112adffeab48c1f7b658fb0244e9e605
SERVER_TRAFFIC_SECRET_0 9e8a7f1eaa699b1d7d2838e7040e622a9c7da047943174fe1041616bda90521a 5b72ebcef5db593fca8c2174f64e20e9d8085059d437f63c28c6dd8148434ec2
EXPORTER_SECRET 9e8a7f1eaa699b1d7d2838e7040e622a9c7da047943174fe1041616bda90521a fa70c26698f7e1fe7f0080e13da7a3604a0545f710c4cbc8fbb8dd8cbe0388ae
CLIENT_TRAFFIC_SECRET_0 6c1e0835e3d2083d6c48d180b15ed0235e30b05edec54de0dcadfe42f576305f 562d23c6d32197750147f4078047d79887462b75bdb9e00e48003b3eb99aaf86
SERVER_TRAFFIC_SECRET_0 6c1e0835e3d2083d6c48d180b15ed0235e30b05edec54de0dcadfe42f576305f 21d26b5749507568504977877bc7e48d06e7a7687a3e6e382ea47a62ef417871
EXPORTER_SECRET 6c1e0835e3d2083d6c48d180b15ed0235e30b05edec54de0dcadfe42f576305f 95d0c2a9ad395929539106cd7193438f8cec50898f6dde28e18a36f42c2d1875
# TLS secrets log file, generated by OpenSSL / Python
